{"level":"info","ts":"2024-03-20T11:54:44.314+0800","msg":"InitLogging: zap initialized"}
{"level":"info","ts":"2024-03-20T11:54:44.444+0800","msg":"addr:0.0.0.0:8083"}
{"level":"info","ts":"2024-03-20T11:56:01.012+0800","msg":"InitLogging: zap initialized"}
{"level":"info","ts":"2024-03-20T11:56:01.138+0800","msg":"addr:0.0.0.0:8083"}
{"level":"info","ts":"2024-03-20T11:56:19.234+0800","msg":"provider: twitter"}
{"level":"info","ts":"2024-03-20T11:56:36.401+0800","msg":"gothic: url :https://accounts.google.com/o/oauth2/auth?access_type=offline&client_id=1003115921831-4oun8iutg2hadbutnr2a4hnkspfln0gi.apps.googleusercontent.com&redirect_uri=https%3A%2F%2Ftest.starland.ai%3A8084%2Fv1%2Fauth%2Fgoogle%2Fcallback&response_type=code&scope=email+profile&state=aYlgxwcZFdpXPDBTDmR_h6yjTm-jiBHq7cZ7g3PKJ1CgQb5SytidUJMU7kJymMZel6qKtfaWBDKS3_JSxP4PUA%3D%3D"}
{"level":"info","ts":"2024-03-20T11:56:36.401+0800","msg":"authLogin cookie[_gothic_session=MTcxMDkwNTY0NXxEWDhFQVFMX2dBQUJFQUVRQUFELUFhM19nQUFCQm5OMGNtbHVad3dJQUFabmIyOW5iR1VHYzNSeWFXNW5EUDRCalFELUFZa2Zpd2dBQUFBQUFBRF9USkJ2YTlzOEZNV19pMEN2bnNTV1pUZjFZekREVzJLM3BSQ1dkZDBXQmthUnIyM1ZpcVRvejdKdTdMdVBKTXNZSFBSQzlfSTc1OXlmcUFwLV9MaDVSQVVhdlRldWlHUEd1UTdLdTJqUWVwQVFjYjJQZGF4WjhDT05ULThieGprNDFfcFhBNlh1ZXlrVWZBMkUwQVdYQXBSdlJWY21oS1JKY3ZNX1RmSTBtV2M2cUZ3RVA5Q1JkYnZnbGFVc0c5WGtUQzhWR1VURWpMbjZCUWVXYS1WQi1aUDFCV3loRXhhNGI0TVY1VGtvVGl0TWEweHJEODVIempNcm1lb2lKbkJhNVNUUE1LMl9KWmpXcDhDWTFoYzJwalZuVXU0WW42NWNaN1J5Y09uQ2RmZW5pT1BhUUFsN0p1Ul94dXBleU92QU13X2xXb1Z4dF84OHF1NEZ0bFAyUlRhYkY3TmR2MXMwellmVmc1bU82amF2bXJ0RHZzdmc3ZTM3YWY2amVieDVYaTFJY3NjUHk4M0RZVDE5Nm8tUWstTmkzdHJYSkgtLWI4MkEweVZPbDJpR3F2TjluX1FFQ2hVSXpkQUdlZ3R1X09kbjlkMElDNjd5cUVDRWtHUi0xaE1oeFZsYk5FUDN5N183djM0REFBRF9fd0VBQVBfXzdYaU9TLWdCQUFBPXyxYHoWS5N58R87MBtt23osr7p2VQCt1s7a3TkIgaApHA==]"}
{"level":"info","ts":"2024-03-20T11:56:36.401+0800","msg":"redirect: /home"}
{"level":"info","ts":"2024-03-20T11:57:10.019+0800","msg":"provider: twitter"}
{"level":"info","ts":"2024-03-20T11:57:35.019+0800","msg":"gothic: url :https://accounts.google.com/o/oauth2/auth?access_type=offline&client_id=1003115921831-4oun8iutg2hadbutnr2a4hnkspfln0gi.apps.googleusercontent.com&redirect_uri=https%3A%2F%2Ftest.starland.ai%3A8084%2Fv1%2Fauth%2Fgoogle%2Fcallback&response_type=code&scope=email+profile&state=fNqM3LbSQuY1O0n2UZGEjTmRY4c28xp4TBeG7dPs5pAlHwrue-VyGfcYO1hTHaZnlv1zRHRjJJ--lx2sDZ_9lg%3D%3D"}
{"level":"info","ts":"2024-03-20T11:57:35.019+0800","msg":"authLogin cookie[_gothic_session=MTcxMDkwNjk5NnxEWDhFQVFMX2dBQUJFQUVRQUFELUFhM19nQUFCQm5OMGNtbHVad3dJQUFabmIyOW5iR1VHYzNSeWFXNW5EUDRCalFELUFZa2Zpd2dBQUFBQUFBRF9USkJ2aTlzOEVNU19pMEN2bnNTVzVWeVN4MkNLVTllMFNRX1NfS0Z0S0JoRlh0dTZ5SkxPV3JjSnBkLTlKR2xLWWRBTDdmS2JtZjFKc2dIYl9lWWpTVWlMNkh3U2hrSktPeGowUVdOdG95R1F0Z3R0YU1XQUxRLXY3eHNoSlhoZjRzVkJhdXRhS3dQZkJzYjRWR29GQmt0VnBSRmpjUlE5X2MtamVSeU5KM1l3Y3pWZ3cxdFJIUWMwUFJlVDFweThxN1ZoalFxRWN3LV93VU12clVFd2VMVy1nM3VvVkE4U3k2Rlg2UzBvalRQS0M4b0xCSS1CUjlGcllhcEFLQnBuY3phZlVGNThqeWd2cm9FcEwtNXN5Z3NwdEQ0S2VYcHd2YlBHdzcyTHROV2ZJbDVhQnlsMFF1bl9YRzlycFI4REZBaXAtS3FiOHc5NUtDcjNaWjB2ZG5tM0tkdnA1V1hYalZfVTR2M3JUQjVtVGJ4ZUxhTzN6YWZqMF9hQ3F0b3ZuX2V6MF9MU1BSOUFUMTlYV0l2UGkzeTFqY3ZsOXJ5ZXJQY1pqWE1hNTJSRXN0dDlkX1lFaGlTRWpNZ0c2aDU4LThfUHU3TlRQZmdNU1VJWVk5SDRwaDFqeVUwSE1pSWY4cl83djM0REFBRF9fd0VBQVBfXzV4SDQ1dWdCQUFBPXy5Y1VtYWMR5m7iWlTUNyal6hQQNwRjXarHyLv0W3-t0A==]"}
{"level":"info","ts":"2024-03-20T11:57:35.019+0800","msg":"redirect: /home"}
{"level":"info","ts":"2024-03-20T11:57:45.297+0800","msg":"provider: twitter"}
{"level":"info","ts":"2024-03-20T11:58:27.144+0800","msg":"gothic: url :https://accounts.google.com/o/oauth2/auth?access_type=offline&client_id=1003115921831-4oun8iutg2hadbutnr2a4hnkspfln0gi.apps.googleusercontent.com&redirect_uri=https%3A%2F%2Ftest.starland.ai%3A8084%2Fv1%2Fauth%2Fgoogle%2Fcallback&response_type=code&scope=email+profile&state=V_wBCDOyQlw6h_hKxnRpZ_EE51HaQwWTV4fA2W7IP0R_e6xxv3I-flUYXnCyMpOPanF_GZdE5obKYumIKgdApg%3D%3D"}
{"level":"info","ts":"2024-03-20T11:58:27.145+0800","msg":"authLogin cookie[_gothic_session=MTcxMDkwNzA1NXxEWDhFQVFMX2dBQUJFQUVRQUFELUFhcl9nQUFCQm5OMGNtbHVad3dJQUFabmIyOW5iR1VHYzNSeWFXNW5EUDRCaWdELUFZWWZpd2dBQUFBQUFBRF9USkR2YnRNd0ZNWGZ4Wklfc1NhMmswRVdLVUpCWFZxbXdTQmtTSzJRS3RlNVNieTZ0dkdmMFlGNGQ5U1dJcVFqZl9DOS1wMXo3aTlVeHpBOXR2ZW9SRk1JMXBkcHlvVXdVUWVmak1hTUNoSmg5cWxKRFk5aFl1bnhmY3VGQU84MzRjVkNaWVpCU1EzZklpSHN0VkFTZE5qSXZxS0VaSlJlM3pCYVpIU1dtNmdMR2NQSUp0NXZZOUNPOFh6U08yOEhwY2tvRTI3dHhTOTZjTUxvQURvY3JjOWdCNzEwSU1JbU9sbWRndUtzeHF6QnJBbmdRLUlEZDRyclB1RVNaM1ZCaWh5ejVwbGkxaHdEWTlhYzJaZzFnaXUxNVdKMzRYcHJ0SWR6RjJINnYwVzhNQllxMkhPcFhsbG5CcWt1ZzhBRFZNUEg3eC15LS0yWHozRkZINGhtai12RjdWTzNiMWU1WU1YQjV0MDdXTHpwUF9sclc2dmxEeGRoOXZWbE1ZalZBNTI2SlY5cjlVeF90c3YyNmU1dU5sTUg1dWZyelkwYWNUYkgyUnhkb2ZwMDM4N3NRS01Tb1N2VXd1REFUX185M0I2c2RPRHJnRXBFQ0tHemt6cEN5cFBXNkFxOW5fX2JfXzBIQUFEX193RUFBUF9fM3NDeHJPZ0JBQUE9fDfVsSnLMosrnKyeh6QRY5xV0cLvDLjlOH66-SO010_I]"}
{"level":"info","ts":"2024-03-20T11:58:27.145+0800","msg":"redirect: /home"}
{"level":"info","ts":"2024-03-20T11:58:35.508+0800","msg":"provider: twitterv2"}
{"level":"info","ts":"2024-03-20T13:50:21.780+0800","msg":"InitLogging: zap initialized"}
{"level":"info","ts":"2024-03-20T13:50:21.912+0800","msg":"addr:0.0.0.0:8083"}
{"level":"info","ts":"2024-03-20T13:52:13.257+0800","msg":"provider: google"}
{"level":"info","ts":"2024-03-20T13:52:15.523+0800","msg":"gothic: url :https://accounts.google.com/o/oauth2/auth?access_type=offline&client_id=1003115921831-4oun8iutg2hadbutnr2a4hnkspfln0gi.apps.googleusercontent.com&redirect_uri=https%3A%2F%2Ftest.starland.ai%3A8084%2Fv1%2Fauth%2Fgoogle%2Fcallback&response_type=code&scope=email+profile&state=y_D3x38u-F5VN1NFlUeRn1mHfkob8FLE3zXMRudV3TfB8Dn8b4v3eCMIF-kWSeuKCRHNxHmNp6n2IG7WXMAOhw%3D%3D"}
{"level":"info","ts":"2024-03-20T13:52:15.523+0800","msg":"authLogin cookie[_gothic_session=MTcxMDkxMzY3M3xEWDhFQVFMX2dBQUJFQUVRQUFELUFhdl9nQUFCQm5OMGNtbHVad3dJQUFabmIyOW5iR1VHYzNSeWFXNW5EUDRCaXdELUFZY2Zpd2dBQUFBQUFBRF9USkJ4YTlzd0VNV19pMEJfcmJGbE9TbVp3UXd2anBNMjJWalRyTkF5Q0lwOHRvVWRTWk5PWThuWWR4OUpsakY0NkFfZDhYdnYzUzlTQk95LWJ0WWtJeDJpOVZrY0N5bE4wT2lqMXBoMmdFaWFRMnhpSXdKMlBENl9INFNVNFAwT2p4WnkwelNEMHZBdE1NYnY1YUJBNDA3VmVjSlltaVNUOXp5WnBzbG9iSUtlcW9BdDcwUzlENmdkRi1OTzk5NDJnMmF0aW9TMU43X2d3VW1qRVRTZXJhOWdCN1Z5SUhFWG5Nb3ZRV2xhVUY1UlhpRjRqRHdLTndoZFIwTFJ0Sml5NlpqeTZrZENlWFVPVEhsMVpWTmVTVEVNZXlIN0c5ZGJvejFjdTBoVF95M2lwYkdRdzBHbzRaMTFwbEhEYllBQ0lYOW9aOV9UeFdMOF9FVTBmcjA0ZlN4bTFXRjFlTWItUlQyT1doM0M2N3hmUFgzZXJpWndLdS1YODdwdjhiUkxsNDlIMFgwcWp3dlBMWl8wNjlmTjIyeDVldGwzb2xUeko1cVdOQzNKSFNrdTk5MmFIalRKQ0xrakcyZ2MtTzZfbl9sUHF4ejRBa2xHR0dQSjZLSXRZOWxGYi1TT1BKVF85bl9fQVFBQV9fOEJBQURfXzhPVjRjVG9BUUFBfCZvD6E6hpDgfV6-nzcCjc1ZQWpYPmPgoJnUe31-o-U7]"}
{"level":"info","ts":"2024-03-20T13:52:15.523+0800","msg":"redirect: /home"}
{"level":"info","ts":"2024-03-20T13:53:19.497+0800","msg":"provider: google"}
{"level":"info","ts":"2024-03-20T13:53:19.498+0800","msg":"authLoginCallback cookie[starland-redirect=/home]"}
{"level":"info","ts":"2024-03-20T13:53:56.335+0800","msg":"provider: google"}
{"level":"info","ts":"2024-03-20T13:53:56.337+0800","msg":"gothic: url :https://accounts.google.com/o/oauth2/auth?access_type=offline&client_id=1003115921831-4oun8iutg2hadbutnr2a4hnkspfln0gi.apps.googleusercontent.com&redirect_uri=https%3A%2F%2Ftest.starland.ai%3A8084%2Fv1%2Fauth%2Fgoogle%2Fcallback&response_type=code&scope=email+profile&state=7d2-APwZgxCSiDQnMdNps1QZOGRYoo6W81d--0EzmkIPTTKoL8jmlmARGh_8zPTam-vkjWKWXrL8l2IYAjjomg%3D%3D"}
{"level":"info","ts":"2024-03-20T13:53:56.337+0800","msg":"authLogin cookie[_gothic_session=MTcxMDkxMzkzNXxEWDhFQVFMX2dBQUJFQUVRQUFELUFhcl9nQUFCQm5OMGNtbHVad3dJQUFabmIyOW5iR1VHYzNSeWFXNW5EUDRCaWdELUFZWWZpd2dBQUFBQUFBRF9USkR2YXRzd0ZNWGZSYUJQUzJ4WlNqdlBZSVpYVjB0WWs0R1hfbUVNZ2lKZng4S0tKQ3lwU3piMjdpUEpNZ29IZmRDOV9NNDU5emVxWXVnZm13ZFVvRDRFNTRzMEZWTGFhSUpQZHRidU5DVFM3bE9iV2hGRFQ5UFQtMUZJQ2Q1dnd0RkJhYnRPS3dNX0lpSDBWbW9GSm14VVcyYUVzQ3k3LVVDem5HWFRtWTBtVnpIc2FDX2FiUXhtcEdMV204RzdUaHV5VTRsdzd1b1hQWXpTbWdBbW5Ld3Y0QkZhTllJTW16aXE4aHdVc3dwVGppa1A0RVBpZ3hpMU1HMGlGR1pWVHZJWnB2dzF3NVNmQW1QS0wyeE11UlJhYjRVY3JsenZyUEZ3NlNKdC02LUlsOVpCQ1h1aDlEczMyazdwNnlDSUFPVnhVN01EeS1PVTN6eXRzaFhYajlDWWJEX3ZCcnZOLWNNOS1fV3liR0w3eE5iZHA3dzItWGIyeXVCdXVlRFQ0ZmtieEM5M3pYeDFtTzlYN3RiUXhlZjN6eV9MNm12X0U3TWFzeHBOVUhXLTc5b09ZRkNCMEFRMTBJM2ctemNfOXdlblJ2QlZRQVVpaEdUVHM5YUVGR2Q5UnhPMHFQX3ZfX2tMQUFEX193RUFBUF9fck9RdXhlZ0JBQUE9fGxsmPDpJgbjw3HTEoaWkm3oA0Z2TqVrzAtEfTinGjSt]"}
{"level":"info","ts":"2024-03-20T13:53:56.337+0800","msg":"redirect: /home"}
{"level":"info","ts":"2024-03-20T13:54:24.310+0800","msg":"provider: google"}
{"level":"info","ts":"2024-03-20T13:54:24.310+0800","msg":"authLoginCallback cookie[starland-redirect=/home]"}
{"level":"info","ts":"2024-03-20T13:55:51.967+0800","msg":"refreshCharacterExec: len: 3"}
{"level":"info","ts":"2024-03-20T13:55:51.972+0800","msg":"SaveMyCharacter: req: &{ID:444 AccountID:dbEaE04e-ACC5-e4eB-6bC5-DCB4A6EdbbF1 AccountName:dbEaE0 AvatarURL: Name: Gender:0 Prompt: ImageURL: LikeCount:0 ChatCount:0 State:0 Tags:map[]}"}
{"level":"info","ts":"2024-03-20T13:55:51.973+0800","msg":"SaveCharacter: {ID:444 AccountID:dbEaE04e-ACC5-e4eB-6bC5-DCB4A6EdbbF1 AccountName:dbEaE0 AvatarURL: Name: Gender:0 Prompt: ImageURL: LikeCount:0 ChatCount:0 State:0 Tags:map[]}"}
{"level":"info","ts":"2024-03-20T13:55:51.975+0800","msg":"save to db req: {Model:{ID:0 CreatedAt:2024-03-16 00:09:57 +0800 CST UpdatedAt:2024-03-20 13:55:03.563 +0800 CST DeletedAt:{Time:0001-01-01 00:00:00 +0000 UTC Valid:false}} ID:444 Name:444 Gender:0 Prompt:The Turtle Soup Witch is the creator of the game \"Turtle Soup,\" also known as Situation Puzzle. Below are the specific rules of the game:\n\n【Terminology】\n\nSoup Base: Refers to the puzzle statement.\nSoup Stock: Refers to the truth behind the scenario - the answer.\nThe gameplay involves the creator presenting a puzzling scenario, and participants attempt to guess the truth behind it by asking questions. However, questions must be expressed in the form of clear positive interrogative sentences (otherwise, questions will be deleted) to try to narrow down the possibilities and find the true cause behind the scenario.\n\n【Examples of Incorrect Questions】\nExample 1:\nQuestion: Is this person a competitor of the current cafeteria contractor? (Who is \"this person\" referring to?)\nExample 2:\nQuestion: Isn't the person returning home with the man his wife?\nScenario 1: If the person returning home is his wife, the question is understood to be incorrect, marked as \"×\".\nScenario 2: If the person returning home is not his wife, the answer should be \"no\" (correct).\nIn either case, regardless of the answer, it would lead to misunderstanding.\n\nThe creator can only respond with \"yes,\" \"no,\" \"irrelevant\" (meaning the question's relevance to the conclusion), \"deleted,\" or \"ambiguous.\"\n\nQuestions that contradict the topic will be directly deleted.\n\n\"Ambiguous\" indicates that the question is somewhat related but not entirely, making it difficult to answer.\n\n【Gameplay Example】: This is also the origin of the name \"Turtle Soup.\"\nSoup Base (i.e., puzzle description and questions): A person gets off a ship, enters a restaurant, orders a bowl of turtle soup, takes a few sips, then shoots themselves with a gun. What happened?\nTypically, five basic clues would be given, but they are omitted here.\nQuestion-Answer Interaction:\nPlayer A: Does he like turtles?\nCreator: No\nPlayer B: Did something significant happen in the past?\nCreator: Yes\nPlayer B: Is that incident related to turtles?\nCreator: Ambiguous. Please define what is meant by \"related to turtles\" (When the question is somewhat related but not entirely, it's difficult to answer)\nPlayer B: Was he saved by a turtle before?\nCreator: No\nPlayer A: Is the incident related to a third party?\nCreator: Yes\nAfter the interaction, players, i.e., the answerers, can deduce the answer (i.e., Soup Stock) based on the clues provided in the questions and answers.\n\n【Game Rules】\nParticipants can only ask very clear questions. The creator's response to the puzzle must be one of three options: \"yes,\" \"no,\" or \"irrelevant,\" where \"irrelevant\" is equivalent to \"both true and false.\" If a question cannot be answered with one of these three options and requires a descriptive response, the creator should reply with \"unable to answer.\" AccountID:dbEaE04e-ACC5-e4eB-6bC5-DCB4A6EdbbF1 AccountName:dbEaE0 AvatarURL: ImageURL:https://hai-public.oss-cn-beijing.aliyuncs.com/images/app/starland/20240315-213821.jpeg LikeCount:0 ChatCount:0 IsMint:false Mint: Tag:[] State:0 IsCustomized:true}"}
{"level":"info","ts":"2024-03-20T13:55:53.444+0800","msg":"SaveMyCharacter: req: &{ID:123 AccountID:dbEaE04e-ACC5-e4eB-6bC5-DCB4A6EdbbF1 AccountName:dbEaE0 AvatarURL: Name: Gender:0 Prompt: ImageURL: LikeCount:0 ChatCount:0 State:0 Tags:map[]}"}
{"level":"info","ts":"2024-03-20T13:55:53.445+0800","msg":"SaveCharacter: {ID:123 AccountID:dbEaE04e-ACC5-e4eB-6bC5-DCB4A6EdbbF1 AccountName:dbEaE0 AvatarURL: Name: Gender:0 Prompt: ImageURL: LikeCount:0 ChatCount:0 State:0 Tags:map[]}"}
{"level":"info","ts":"2024-03-20T13:55:53.447+0800","msg":"save to db req: {Model:{ID:0 CreatedAt:2024-03-16 00:09:57 +0800 CST UpdatedAt:2024-03-20 13:55:03.672 +0800 CST DeletedAt:{Time:0001-01-01 00:00:00 +0000 UTC Valid:false}} ID:123 Name:123 Gender:0 Prompt:The Turtle Soup Witch is the creator of the game \"Turtle Soup,\" also known as Situation Puzzle. Below are the specific rules of the game:\n\n【Terminology】\n\nSoup Base: Refers to the puzzle statement.\nSoup Stock: Refers to the truth behind the scenario - the answer.\nThe gameplay involves the creator presenting a puzzling scenario, and participants attempt to guess the truth behind it by asking questions. However, questions must be expressed in the form of clear positive interrogative sentences (otherwise, questions will be deleted) to try to narrow down the possibilities and find the true cause behind the scenario.\n\n【Examples of Incorrect Questions】\nExample 1:\nQuestion: Is this person a competitor of the current cafeteria contractor? (Who is \"this person\" referring to?)\nExample 2:\nQuestion: Isn't the person returning home with the man his wife?\nScenario 1: If the person returning home is his wife, the question is understood to be incorrect, marked as \"×\".\nScenario 2: If the person returning home is not his wife, the answer should be \"no\" (correct).\nIn either case, regardless of the answer, it would lead to misunderstanding.\n\nThe creator can only respond with \"yes,\" \"no,\" \"irrelevant\" (meaning the question's relevance to the conclusion), \"deleted,\" or \"ambiguous.\"\n\nQuestions that contradict the topic will be directly deleted.\n\n\"Ambiguous\" indicates that the question is somewhat related but not entirely, making it difficult to answer.\n\n【Gameplay Example】: This is also the origin of the name \"Turtle Soup.\"\nSoup Base (i.e., puzzle description and questions): A person gets off a ship, enters a restaurant, orders a bowl of turtle soup, takes a few sips, then shoots themselves with a gun. What happened?\nTypically, five basic clues would be given, but they are omitted here.\nQuestion-Answer Interaction:\nPlayer A: Does he like turtles?\nCreator: No\nPlayer B: Did something significant happen in the past?\nCreator: Yes\nPlayer B: Is that incident related to turtles?\nCreator: Ambiguous. Please define what is meant by \"related to turtles\" (When the question is somewhat related but not entirely, it's difficult to answer)\nPlayer B: Was he saved by a turtle before?\nCreator: No\nPlayer A: Is the incident related to a third party?\nCreator: Yes\nAfter the interaction, players, i.e., the answerers, can deduce the answer (i.e., Soup Stock) based on the clues provided in the questions and answers.\n\n【Game Rules】\nParticipants can only ask very clear questions. The creator's response to the puzzle must be one of three options: \"yes,\" \"no,\" or \"irrelevant,\" where \"irrelevant\" is equivalent to \"both true and false.\" If a question cannot be answered with one of these three options and requires a descriptive response, the creator should reply with \"unable to answer.\" AccountID:dbEaE04e-ACC5-e4eB-6bC5-DCB4A6EdbbF1 AccountName:dbEaE0 AvatarURL: ImageURL:https://hai-public.oss-cn-beijing.aliyuncs.com/images/app/starland/20240315-213821.jpeg LikeCount:0 ChatCount:0 IsMint:false Mint: Tag:[] State:0 IsCustomized:false}"}
{"level":"info","ts":"2024-03-20T13:55:55.114+0800","msg":"SaveMyCharacter: req: &{ID:321 AccountID:dbEaE04e-ACC5-e4eB-6bC5-DCB4A6EdbbF1 AccountName:dbEaE0 AvatarURL: Name: Gender:0 Prompt: ImageURL: LikeCount:0 ChatCount:0 State:0 Tags:map[]}"}
{"level":"info","ts":"2024-03-20T13:55:55.114+0800","msg":"SaveCharacter: {ID:321 AccountID:dbEaE04e-ACC5-e4eB-6bC5-DCB4A6EdbbF1 AccountName:dbEaE0 AvatarURL: Name: Gender:0 Prompt: ImageURL: LikeCount:0 ChatCount:0 State:0 Tags:map[]}"}
{"level":"info","ts":"2024-03-20T13:55:55.116+0800","msg":"save to db req: {Model:{ID:0 CreatedAt:2024-03-16 00:09:57 +0800 CST UpdatedAt:2024-03-20 13:55:03.777 +0800 CST DeletedAt:{Time:0001-01-01 00:00:00 +0000 UTC Valid:false}} ID:321 Name:321 Gender:0 Prompt:0000 AccountID:dbEaE04e-ACC5-e4eB-6bC5-DCB4A6EdbbF1 AccountName:dbEaE0 AvatarURL: ImageURL:https://hai-public.oss-cn-beijing.aliyuncs.com/images/app/starland/20240315-213821.jpeg LikeCount:0 ChatCount:0 IsMint:false Mint: Tag:[] State:0 IsCustomized:false}"}
{"level":"info","ts":"2024-03-20T13:55:55.623+0800","msg":"refreshCharacterExec: len: 0"}
{"level":"info","ts":"2024-03-21T17:45:46.063+0800","msg":"InitLogging: zap initialized"}
{"level":"info","ts":"2024-03-21T17:45:46.194+0800","msg":"addr:0.0.0.0:8083"}
{"level":"info","ts":"2024-03-21T17:46:39.666+0800","msg":"provider: twitterV2"}
{"level":"info","ts":"2024-03-21T17:46:39.669+0800","msg":"gothic: url :https://accounts.google.com/o/oauth2/auth?access_type=offline&client_id=1003115921831-4oun8iutg2hadbutnr2a4hnkspfln0gi.apps.googleusercontent.com&redirect_uri=https%3A%2F%2Ftest.starland.ai%3A8084%2Fv1%2Fauth%2Fgoogle%2Fcallback&response_type=code&scope=email+profile&state=w4d9TYco0zJgGpMnI8vGmB1969IL1QPPiyQzpcGiwo1_SXqNSYMSlu4D0oYkaYjCcWEErVICE3G4_ZNBAam1ig%3D%3D"}
{"level":"info","ts":"2024-03-21T17:46:39.669+0800","msg":"authLogin cookie[_gothic_session=MTcxMTAxNDEzM3xEWDhFQVFMX2dBQUJFQUVRQUFELUFhbl9nQUFCQm5OMGNtbHVad3dJQUFabmIyOW5iR1VHYzNSeWFXNW5EUDRCaVFELUFZVWZpd2dBQUFBQUFBRF9USkR2aXRzd0VNVGZSYUJQVFd4WnpyV3V3UlQzSEItNXRzY1I3Z2lFUXBEbHRTMmlTTUphNVZfcHU1Y2tUU2tNLXFCZGZqT3p2MGdaY0hoZmZpYzVHUkNkei1OWVNHbURRUl8xMXZZYUltbDNzWTJ0Q0Rqdy1QSi1FVktDOXhzOE9TaHMxMmxsNEdkZ2pILVVXb0hCaldxTGhMRTBTUjQtOHlSTGstbk1CcE9wZ0QwZlJOc0VOQ01YczhGc3ZldTBZYjJLaEhOM3YtQmhsTllnR0x4WTM4QWp0R29FaVpzd3F1SWFsS1lsNVRYbE5ZTEh5S01ZdFRCdEpCUk55NHhsTThycmZVSjVmUWxNZVgxalUxNUxvWFVqNVBiTzljNGFEN2N1MHJaX2kzaHBIUlN3RTBwX2NLUHRsTDRQVUNBVVQ0OUh2YTZtMVk5dTNqUkMtR1oxZk16T3lTZV9YMzU3ZXRsVmJYa1k1bXZvMWFyOXlwdkZWcmotZEg3R3c3UGNuN0xYUGwzVTdiR2ZuaGZ2S3hkZUhKc18tT25yNlVEVGlxWVZtWkR5ZXQ4M3V3VkRja0ltWkFuZENINzQ3MmQtZEdvRVh5TEpDV01zbVY3MXhsaC0xWnBNeUtMNnRfXzdEd0FBQVBfX0FRQUFfXzlCRG1kVDZBRUFBQT09fLQLkPbYWDSGDznpskzFoOWYTKMuake5uSuw2lRVCX1L]"}
{"level":"info","ts":"2024-03-21T17:46:39.669+0800","msg":"redirect: /home"}
{"level":"info","ts":"2024-03-21T17:46:51.278+0800","msg":"provider: twitterV2"}
{"level":"info","ts":"2024-03-21T17:47:08.663+0800","msg":"gothic: url :https://accounts.google.com/o/oauth2/auth?access_type=offline&client_id=1003115921831-4oun8iutg2hadbutnr2a4hnkspfln0gi.apps.googleusercontent.com&redirect_uri=https%3A%2F%2Ftest.starland.ai%3A8084%2Fv1%2Fauth%2Fgoogle%2Fcallback&response_type=code&scope=email+profile&state=AlbOgx2LNQLALUdk5oeYm3XZ7QwQrs_F18iFjGt1QFdw7MgKTYDJrAqIJQE3g-MZaAhQWOfFNbxjLoHWb4JaxA%3D%3D"}
{"level":"info","ts":"2024-03-21T17:47:08.663+0800","msg":"authLogin cookie[_gothic_session=MTcxMTAxNDM5OXxEWDhFQVFMX2dBQUJFQUVRQUFELUFhel9nQUFCQm5OMGNtbHVad3dJQUFabmIyOW5iR1VHYzNSeWFXNW5EUDRCakFELUFZZ2Zpd2dBQUFBQUFBRF9USkR2YXRzd0ZNWGZSYUJQUzIxSjlvcGpNTU50NHBEUmxyYkpfcVFNakNyTHRoWkYwcVNyZHMzWXU0OGt5eGdjOUVIMzhqdm4zRi1vampCLWVyeEJKUm9CWENqVGxBdGhvNEdRRE5ZT1dpYkM3bEtiV2g1aFpPbmhfY0NGa0NHMDhPWmtaZnRlS3lPX1JVTFlwZEJLR21oVlYxRkNNa3JmVHhrdE1ucVIyMmdLRldGZ0ktLWVJeGpQZUQ2YWJYQzlObVJRQ1hmdTdCZUQ5TUlha0FZTzFpZXdsNTN5VWtBYnZhcU9RWEZXWTlaZzFvQU1rQVRnWG5QVEpWemhyQzVJa1dQV3ZGRE1ta05nekpvVEc3TkdjSzJmdWRpZXVjRlpFLVNwaTdEZDN5SkJXQ2NydWVOS3YzUGU5a3FmQjhCQlZxOTVOMTF2aENYN2o4UEMzWnBsOGJMWVhkSHA1WFI1UXhfdTc5WGJ3OTZKaFhxMXRGMTlfWEczMnR5dWRNeG54RzYyZlBQOVdueVp6XzNuNWZVOFctVHQwOTFWelhkVURUaWI0V3lHSnFnLTNuZHR0OUtnRXFFSmVwUzlsMkg4NzJmLTB5a3ZRdzJvUklRUWVuSFVtcER5cUNjMFFjdlp2XzNmZndBQUFQX19BUUFBX19fR19Oa1c2QUVBQUE9PXwOi7mDHo5vhPfbIWEASPPvFLX7wZZ32P3givb9tVootQ==]"}
{"level":"info","ts":"2024-03-21T17:47:08.689+0800","msg":"redirect: /home"}
{"level":"info","ts":"2024-03-21T17:47:12.513+0800","msg":"provider: twitterV2"}
{"level":"info","ts":"2024-03-21T17:47:35.179+0800","msg":"gothic: url :https://accounts.google.com/o/oauth2/auth?access_type=offline&client_id=1003115921831-4oun8iutg2hadbutnr2a4hnkspfln0gi.apps.googleusercontent.com&redirect_uri=https%3A%2F%2Ftest.starland.ai%3A8084%2Fv1%2Fauth%2Fgoogle%2Fcallback&response_type=code&scope=email+profile&state=bVEa95Zbwwe4bIr2OFpYmPweibWjYZEc7q9uAtchbUZyeCAS423F65mfXH0MR2cA6aCOVhnBLfMEgfs5UsFNGw%3D%3D"}
{"level":"info","ts":"2024-03-21T17:47:35.180+0800","msg":"authLogin cookie[_gothic_session=MTcxMTAxNDQyOHxEWDhFQVFMX2dBQUJFQUVRQUFELUFhdl9nQUFCQm5OMGNtbHVad3dJQUFabmIyOW5iR1VHYzNSeWFXNW5EUDRCaXdELUFZY2Zpd2dBQUFBQUFBRF9USkR2YXRzd0ZNWGZSYUJQeXg5WlRsZlBZSVlnMWRiTWJYRko2Um9HUVphdmJUV0s1RW5YYThiWXU0OGt5eGdjOUVIMzhqdm4zRjlFak5nX1BaWWtKejNpRVBQNVhHbnRSNGR4MW5uZldaaHB2NV83dVZjajlueC1mRDhxclNIR0xmNGNvUEJ0YTQyRGJ5TmpfTDIyQmh4dVRWTWtqS1ZKY3ZXQkoxbWFUQmQtZEprWnNlTzlhdW9SWGVCcTBidGRIRnJyV0dkbWFoZ3VmbU9Fb0wxRGNIaTBQb01ETkNhQXh1MFlUSEVLU2xOQnVhUmNJa1NjUlZUQkt0Zk1sS0dweUZpMm9Gei1TQ2lYeDhDVXl6T2JjcW1WdGJYU3V3czNEdDVGT0hmUnZ2bGJKR29fUUFGN1pleTdJZmpXMk1zQUZVSWhiUDNRSFhoNVg1V2lmR3AyVng1ZTl1blh6WFgxVm9XNGxVbG01T3NuVENyWnZGM2ZkVl9XTDh0VkVOOXZWOVZOMmszdk5rcjAxZk5ESy1fcncydnBQel9YaTVVNkNKb3VhYm9rRXlKTzkxMzdIVGlTRXpJaGo5QUdpUDFfUHplSHdRU0lBa2xPR0dQSjlLUTFZX2xKR3pJaHQ4dF8tN19fQUFBQV9fOEJBQURfXzBSTFVDVG9BUUFBfOWzxCePmZxtbJXDGqIy598SqYVjx2jUSXcwnq2qizG8]"}
{"level":"info","ts":"2024-03-21T17:47:35.182+0800","msg":"redirect: /home"}
{"level":"info","ts":"2024-03-21T17:47:43.539+0800","msg":"provider: twitterV2"}
{"level":"info","ts":"2024-03-21T17:49:00.377+0800","msg":"provider: twitterV2"}
{"level":"info","ts":"2024-03-21T17:49:04.641+0800","msg":"provider: twitterV2"}
{"level":"info","ts":"2024-03-21T17:49:12.038+0800","msg":"provider: twitterv2"}
{"level":"info","ts":"2024-03-21T17:50:46.199+0800","msg":"refreshCharacterExec: len: 3"}
{"level":"info","ts":"2024-03-21T17:50:46.205+0800","msg":"SaveMyCharacter: req: &{ID:444 AccountID:dbEaE04e-ACC5-e4eB-6bC5-DCB4A6EdbbF1 AccountName:dbEaE0 AvatarURL: Name: Gender:0 Prompt: ImageURL: LikeCount:0 ChatCount:0 State:0 Tags:map[]}"}
{"level":"info","ts":"2024-03-21T17:50:46.205+0800","msg":"SaveCharacter: {ID:444 AccountID:dbEaE04e-ACC5-e4eB-6bC5-DCB4A6EdbbF1 AccountName:dbEaE0 AvatarURL: Name: Gender:0 Prompt: ImageURL: LikeCount:0 ChatCount:0 State:0 Tags:map[]}"}
{"level":"info","ts":"2024-03-21T17:50:46.207+0800","msg":"save to db req: {Model:{ID:0 CreatedAt:2024-03-16 00:09:57 +0800 CST UpdatedAt:2024-03-21 17:40:57.007 +0800 CST DeletedAt:{Time:0001-01-01 00:00:00 +0000 UTC Valid:false}} ID:444 Name:444 Gender:0 Prompt:The Turtle Soup Witch is the creator of the game \"Turtle Soup,\" also known as Situation Puzzle. Below are the specific rules of the game:\n\n【Terminology】\n\nSoup Base: Refers to the puzzle statement.\nSoup Stock: Refers to the truth behind the scenario - the answer.\nThe gameplay involves the creator presenting a puzzling scenario, and participants attempt to guess the truth behind it by asking questions. However, questions must be expressed in the form of clear positive interrogative sentences (otherwise, questions will be deleted) to try to narrow down the possibilities and find the true cause behind the scenario.\n\n【Examples of Incorrect Questions】\nExample 1:\nQuestion: Is this person a competitor of the current cafeteria contractor? (Who is \"this person\" referring to?)\nExample 2:\nQuestion: Isn't the person returning home with the man his wife?\nScenario 1: If the person returning home is his wife, the question is understood to be incorrect, marked as \"×\".\nScenario 2: If the person returning home is not his wife, the answer should be \"no\" (correct).\nIn either case, regardless of the answer, it would lead to misunderstanding.\n\nThe creator can only respond with \"yes,\" \"no,\" \"irrelevant\" (meaning the question's relevance to the conclusion), \"deleted,\" or \"ambiguous.\"\n\nQuestions that contradict the topic will be directly deleted.\n\n\"Ambiguous\" indicates that the question is somewhat related but not entirely, making it difficult to answer.\n\n【Gameplay Example】: This is also the origin of the name \"Turtle Soup.\"\nSoup Base (i.e., puzzle description and questions): A person gets off a ship, enters a restaurant, orders a bowl of turtle soup, takes a few sips, then shoots themselves with a gun. What happened?\nTypically, five basic clues would be given, but they are omitted here.\nQuestion-Answer Interaction:\nPlayer A: Does he like turtles?\nCreator: No\nPlayer B: Did something significant happen in the past?\nCreator: Yes\nPlayer B: Is that incident related to turtles?\nCreator: Ambiguous. Please define what is meant by \"related to turtles\" (When the question is somewhat related but not entirely, it's difficult to answer)\nPlayer B: Was he saved by a turtle before?\nCreator: No\nPlayer A: Is the incident related to a third party?\nCreator: Yes\nAfter the interaction, players, i.e., the answerers, can deduce the answer (i.e., Soup Stock) based on the clues provided in the questions and answers.\n\n【Game Rules】\nParticipants can only ask very clear questions. The creator's response to the puzzle must be one of three options: \"yes,\" \"no,\" or \"irrelevant,\" where \"irrelevant\" is equivalent to \"both true and false.\" If a question cannot be answered with one of these three options and requires a descriptive response, the creator should reply with \"unable to answer.\" AccountID:dbEaE04e-ACC5-e4eB-6bC5-DCB4A6EdbbF1 AccountName:dbEaE0 AvatarURL: ImageURL:https://hai-public.oss-cn-beijing.aliyuncs.com/images/app/starland/20240315-213821.jpeg LikeCount:0 ChatCount:0 IsMint:false Mint: Tag:[] State:0 IsCustomized:true}"}
{"level":"info","ts":"2024-03-21T17:50:49.623+0800","msg":"SaveMyCharacter: req: &{ID:123 AccountID:dbEaE04e-ACC5-e4eB-6bC5-DCB4A6EdbbF1 AccountName:dbEaE0 AvatarURL: Name: Gender:0 Prompt: ImageURL: LikeCount:0 ChatCount:0 State:0 Tags:map[]}"}
{"level":"info","ts":"2024-03-21T17:50:49.623+0800","msg":"SaveCharacter: {ID:123 AccountID:dbEaE04e-ACC5-e4eB-6bC5-DCB4A6EdbbF1 AccountName:dbEaE0 AvatarURL: Name: Gender:0 Prompt: ImageURL: LikeCount:0 ChatCount:0 State:0 Tags:map[]}"}
{"level":"info","ts":"2024-03-21T17:50:49.635+0800","msg":"save to db req: {Model:{ID:0 CreatedAt:2024-03-16 00:09:57 +0800 CST UpdatedAt:2024-03-21 17:40:57.061 +0800 CST DeletedAt:{Time:0001-01-01 00:00:00 +0000 UTC Valid:false}} ID:123 Name:123 Gender:0 Prompt:The Turtle Soup Witch is the creator of the game \"Turtle Soup,\" also known as Situation Puzzle. Below are the specific rules of the game:\n\n【Terminology】\n\nSoup Base: Refers to the puzzle statement.\nSoup Stock: Refers to the truth behind the scenario - the answer.\nThe gameplay involves the creator presenting a puzzling scenario, and participants attempt to guess the truth behind it by asking questions. However, questions must be expressed in the form of clear positive interrogative sentences (otherwise, questions will be deleted) to try to narrow down the possibilities and find the true cause behind the scenario.\n\n【Examples of Incorrect Questions】\nExample 1:\nQuestion: Is this person a competitor of the current cafeteria contractor? (Who is \"this person\" referring to?)\nExample 2:\nQuestion: Isn't the person returning home with the man his wife?\nScenario 1: If the person returning home is his wife, the question is understood to be incorrect, marked as \"×\".\nScenario 2: If the person returning home is not his wife, the answer should be \"no\" (correct).\nIn either case, regardless of the answer, it would lead to misunderstanding.\n\nThe creator can only respond with \"yes,\" \"no,\" \"irrelevant\" (meaning the question's relevance to the conclusion), \"deleted,\" or \"ambiguous.\"\n\nQuestions that contradict the topic will be directly deleted.\n\n\"Ambiguous\" indicates that the question is somewhat related but not entirely, making it difficult to answer.\n\n【Gameplay Example】: This is also the origin of the name \"Turtle Soup.\"\nSoup Base (i.e., puzzle description and questions): A person gets off a ship, enters a restaurant, orders a bowl of turtle soup, takes a few sips, then shoots themselves with a gun. What happened?\nTypically, five basic clues would be given, but they are omitted here.\nQuestion-Answer Interaction:\nPlayer A: Does he like turtles?\nCreator: No\nPlayer B: Did something significant happen in the past?\nCreator: Yes\nPlayer B: Is that incident related to turtles?\nCreator: Ambiguous. Please define what is meant by \"related to turtles\" (When the question is somewhat related but not entirely, it's difficult to answer)\nPlayer B: Was he saved by a turtle before?\nCreator: No\nPlayer A: Is the incident related to a third party?\nCreator: Yes\nAfter the interaction, players, i.e., the answerers, can deduce the answer (i.e., Soup Stock) based on the clues provided in the questions and answers.\n\n【Game Rules】\nParticipants can only ask very clear questions. The creator's response to the puzzle must be one of three options: \"yes,\" \"no,\" or \"irrelevant,\" where \"irrelevant\" is equivalent to \"both true and false.\" If a question cannot be answered with one of these three options and requires a descriptive response, the creator should reply with \"unable to answer.\" AccountID:dbEaE04e-ACC5-e4eB-6bC5-DCB4A6EdbbF1 AccountName:dbEaE0 AvatarURL: ImageURL:https://hai-public.oss-cn-beijing.aliyuncs.com/images/app/starland/20240315-213821.jpeg LikeCount:0 ChatCount:0 IsMint:false Mint: Tag:[] State:0 IsCustomized:false}"}
{"level":"info","ts":"2024-03-21T17:50:51.923+0800","msg":"SaveMyCharacter: req: &{ID:321 AccountID:dbEaE04e-ACC5-e4eB-6bC5-DCB4A6EdbbF1 AccountName:dbEaE0 AvatarURL: Name: Gender:0 Prompt: ImageURL: LikeCount:0 ChatCount:0 State:0 Tags:map[]}"}
{"level":"info","ts":"2024-03-21T17:50:51.923+0800","msg":"SaveCharacter: {ID:321 AccountID:dbEaE04e-ACC5-e4eB-6bC5-DCB4A6EdbbF1 AccountName:dbEaE0 AvatarURL: Name: Gender:0 Prompt: ImageURL: LikeCount:0 ChatCount:0 State:0 Tags:map[]}"}
{"level":"info","ts":"2024-03-21T17:50:51.926+0800","msg":"save to db req: {Model:{ID:0 CreatedAt:2024-03-16 00:09:57 +0800 CST UpdatedAt:2024-03-21 17:40:57.13 +0800 CST DeletedAt:{Time:0001-01-01 00:00:00 +0000 UTC Valid:false}} ID:321 Name:321 Gender:0 Prompt:0000 AccountID:dbEaE04e-ACC5-e4eB-6bC5-DCB4A6EdbbF1 AccountName:dbEaE0 AvatarURL: ImageURL:https://hai-public.oss-cn-beijing.aliyuncs.com/images/app/starland/20240315-213821.jpeg LikeCount:0 ChatCount:0 IsMint:false Mint: Tag:[] State:0 IsCustomized:false}"}
{"level":"info","ts":"2024-03-21T17:50:51.997+0800","msg":"refreshCharacterExec: len: 0"}
{"level":"info","ts":"2024-03-29T23:16:19.006+0800","msg":"InitLogging: zap initialized"}
{"level":"info","ts":"2024-03-29T23:16:19.157+0800","msg":"addr:0.0.0.0:8083"}
{"level":"info","ts":"2024-03-29T23:16:31.557+0800","msg":"HeaderAuthorization:Bearer eyJhbGciOiJIUzI1NiIsInR5cCI6IkpXVCJ9.eyJVSUQiOiIzTWVvOTlrYlpnTjVZZ0c0MzJOQTc5WmQ3WG8zdDZHODM2NlZCQVdrQkpzVCIsImV4cCI6MTcyMjQ5Mzk0NH0.pSeuYI4LbuvuAy0EQIRWr3yCE3k-xftwvnlaEdGXqp4"}
{"level":"info","ts":"2024-03-29T23:16:31.564+0800","msg":"WRITER"}
{"level":"info","ts":"2024-03-29T23:16:31.564+0800","msg":"CreateCharacterV2: req: &{AccountID:3Meo99kbZgN5YgG432NA79Zd7Xo3t6G8366VBAWkBJsT Message:anni SessionID:6c078a4d-6fb9-4d7c1-b464-8217359e26b5 State:0 Is3D:true ResCh:0xc000d82180}"}
{"level":"error","ts":"2024-03-29T23:16:35.712+0800","msg":"createV2: create err: (65534) internal bizerr: QueryActivityLimit: cl.do err: dialing to the given TCP address timed out"}
{"level":"info","ts":"2024-03-29T23:17:03.014+0800","msg":"InitLogging: zap initialized"}
{"level":"info","ts":"2024-03-29T23:17:03.172+0800","msg":"addr:0.0.0.0:8083"}
{"level":"info","ts":"2024-03-29T23:17:06.215+0800","msg":"HeaderAuthorization:Bearer eyJhbGciOiJIUzI1NiIsInR5cCI6IkpXVCJ9.eyJVSUQiOiIzTWVvOTlrYlpnTjVZZ0c0MzJOQTc5WmQ3WG8zdDZHODM2NlZCQVdrQkpzVCIsImV4cCI6MTcyMjQ5Mzk0NH0.pSeuYI4LbuvuAy0EQIRWr3yCE3k-xftwvnlaEdGXqp4"}
{"level":"info","ts":"2024-03-29T23:17:06.215+0800","msg":"WRITER"}
{"level":"info","ts":"2024-03-29T23:17:06.215+0800","msg":"CreateCharacterV2: req: &{AccountID:3Meo99kbZgN5YgG432NA79Zd7Xo3t6G8366VBAWkBJsT Message:anni SessionID:6c078a4d-6fb9-4d7c1-b464-8217359e26b5 State:0 Is3D:true ResCh:0xc00021ac00}"}
{"level":"info","ts":"2024-03-29T23:17:09.892+0800","msg":"res: {Code:0 Data:{IsLimit:false} Msg:}"}
{"level":"info","ts":"2024-03-29T23:17:09.893+0800","msg":"ChatCompletionsStream: {SessionID:6c078a4d-6fb9-4d7c1-b464-8217359e26b5 Message:0xc0004020e0 ResCh:0xc0007e7aa0}"}
{"level":"info","ts":"2024-03-29T23:17:29.969+0800","msg":"data: Ann\n\n"}
{"level":"info","ts":"2024-03-29T23:17:36.009+0800","msg":"data: Ann\n\n"}
{"level":"info","ts":"2024-03-29T23:17:36.681+0800","msg":"data: i\n\n"}
{"level":"info","ts":"2024-03-29T23:17:38.835+0800","msg":"data: i\n\n"}
{"level":"info","ts":"2024-03-29T23:17:40.434+0800","msg":"data:  is\n\n"}
{"level":"info","ts":"2024-03-29T23:17:42.899+0800","msg":"data:  is\n\n"}
{"level":"info","ts":"2024-03-29T23:17:44.534+0800","msg":"data:  a\n\n"}
{"level":"info","ts":"2024-03-29T23:17:45.067+0800","msg":"data:  a\n\n"}
{"level":"info","ts":"2024-03-29T23:17:46.450+0800","msg":"data:  nature\n\n"}
{"level":"info","ts":"2024-03-29T23:17:47.307+0800","msg":"data:  nature\n\n"}
{"level":"info","ts":"2024-03-29T23:17:49.552+0800","msg":"data: -\n\n"}
{"level":"info","ts":"2024-03-29T23:17:51.641+0800","msg":"data: -\n\n"}
{"level":"info","ts":"2024-03-29T23:17:53.155+0800","msg":"data: loving\n\n"}
{"level":"info","ts":"2024-03-29T23:17:54.189+0800","msg":"data: loving\n\n"}
{"level":"info","ts":"2024-03-29T23:17:55.148+0800","msg":"data: ,\n\n"}
{"level":"info","ts":"2024-03-29T23:17:55.553+0800","msg":"data: ,\n\n"}
{"level":"info","ts":"2024-03-29T23:17:56.662+0800","msg":"data:  in\n\n"}
{"level":"info","ts":"2024-03-29T23:23:33.253+0800","msg":"InitLogging: zap initialized"}
{"level":"info","ts":"2024-03-29T23:23:33.412+0800","msg":"addr:0.0.0.0:8083"}
{"level":"info","ts":"2024-03-29T23:23:39.315+0800","msg":"InitLogging: zap initialized"}
{"level":"info","ts":"2024-03-29T23:23:39.466+0800","msg":"addr:0.0.0.0:8083"}
{"level":"info","ts":"2024-03-29T23:23:40.326+0800","msg":"HeaderAuthorization:Bearer eyJhbGciOiJIUzI1NiIsInR5cCI6IkpXVCJ9.eyJVSUQiOiIzTWVvOTlrYlpnTjVZZ0c0MzJOQTc5WmQ3WG8zdDZHODM2NlZCQVdrQkpzVCIsImV4cCI6MTcyMjQ5Mzk0NH0.pSeuYI4LbuvuAy0EQIRWr3yCE3k-xftwvnlaEdGXqp4"}
{"level":"info","ts":"2024-03-29T23:23:40.326+0800","msg":"WRITER"}
{"level":"info","ts":"2024-03-29T23:23:40.326+0800","msg":"CreateCharacterV2: req: &{AccountID:3Meo99kbZgN5YgG432NA79Zd7Xo3t6G8366VBAWkBJsT Message:anni SessionID: State:0 Is3D:true ResCh:0xc0009084e0}"}
{"level":"info","ts":"2024-03-29T23:23:43.493+0800","msg":"res: {Code:0 Data:{IsLimit:false} Msg:}"}
{"level":"info","ts":"2024-04-02T13:37:30.574+0800","msg":"InitLogging: zap initialized"}
{"level":"info","ts":"2024-04-02T13:37:30.729+0800","msg":"addr:0.0.0.0:8083"}
{"level":"info","ts":"2024-04-02T13:38:06.130+0800","msg":"HeaderAuthorization:Bearer eyJhbGciOiJIUzI1NiIsInR5cCI6IkpXVCJ9.eyJVSUQiOiJkYkVhRTA0ZS1BQ0M1LWU0ZUItNmJDNS1EQ0I0QTZFZGJiRjEiLCJleHAiOjE3MjE2NDQwNjh9.qTEGlilt4Rf2n5BJ3d_B4aX-9sZdLihoHgYbvxuw2sI"}
{"level":"info","ts":"2024-04-02T13:38:06.130+0800","msg":"updateCharacter: file size: []"}
{"level":"info","ts":"2024-04-02T13:38:06.130+0800","msg":"URL2FileName: "}
{"level":"info","ts":"2024-04-02T13:39:14.834+0800","msg":"InitLogging: zap initialized"}
{"level":"info","ts":"2024-04-02T13:39:14.988+0800","msg":"addr:0.0.0.0:8083"}
{"level":"info","ts":"2024-04-02T13:39:28.690+0800","msg":"HeaderAuthorization:Bearer eyJhbGciOiJIUzI1NiIsInR5cCI6IkpXVCJ9.eyJVSUQiOiJkYkVhRTA0ZS1BQ0M1LWU0ZUItNmJDNS1EQ0I0QTZFZGJiRjEiLCJleHAiOjE3MjE2NDQwNjh9.qTEGlilt4Rf2n5BJ3d_B4aX-9sZdLihoHgYbvxuw2sI"}
{"level":"info","ts":"2024-04-02T13:39:28.691+0800","msg":"updateCharacter: file size: 0"}
{"level":"error","ts":"2024-04-02T13:39:28.691+0800","msg":"Mkdir: Directory already exists : ./image/dbEaE04e-ACC5-e4eB-6bC5-DCB4A6EdbbF1"}
{"level":"info","ts":"2024-04-02T13:39:28.691+0800","msg":"URL2FileName: "}
{"level":"info","ts":"2024-04-02T13:40:35.771+0800","msg":"UpdateCharacter: req: {ID:6342d669-f64f-4a80-addc-5f0faef2aca12d121 AccountID:dbEaE04e-ACC5-e4eB-6bC5-DCB4A6EdbbF1 Images:[?t=771491814] Image:11?t=771472659 Name:dddd Description:1111111 Voice:}"}
{"level":"info","ts":"2024-04-02T13:40:35.778+0800","msg":"?t=771491814"}
{"level":"info","ts":"2024-04-02T13:40:35.778+0800","msg":"?t=771491814"}
{"level":"info","ts":"2024-04-02T13:40:35.778+0800","msg":"UpdateCharacter: req: {ID:6342d669-f64f-4a80-addc-5f0faef2aca12d121 Images:[?t=771491814] Image:11?t=771472659 Name:dddd Description:1111111 Voice:}"}
{"level":"info","ts":"2024-04-02T13:40:35.869+0800","msg":"HeaderAuthorization:Bearer eyJhbGciOiJIUzI1NiIsInR5cCI6IkpXVCJ9.eyJVSUQiOiJkYkVhRTA0ZS1BQ0M1LWU0ZUItNmJDNS1EQ0I0QTZFZGJiRjEiLCJleHAiOjE3MjE2NDQwNjh9.qTEGlilt4Rf2n5BJ3d_B4aX-9sZdLihoHgYbvxuw2sI"}
{"level":"info","ts":"2024-04-02T13:40:35.869+0800","msg":"updateCharacter: file size: 4"}
{"level":"error","ts":"2024-04-02T13:40:35.869+0800","msg":"Mkdir: Directory already exists : ./image/dbEaE04e-ACC5-e4eB-6bC5-DCB4A6EdbbF1"}
{"level":"info","ts":"2024-04-02T13:40:35.869+0800","msg":"URL2FileName: "}
{"level":"info","ts":"2024-04-02T13:40:44.204+0800","msg":"HeaderAuthorization:Bearer eyJhbGciOiJIUzI1NiIsInR5cCI6IkpXVCJ9.eyJVSUQiOiJkYkVhRTA0ZS1BQ0M1LWU0ZUItNmJDNS1EQ0I0QTZFZGJiRjEiLCJleHAiOjE3MjE2NDQwNjh9.qTEGlilt4Rf2n5BJ3d_B4aX-9sZdLihoHgYbvxuw2sI"}
{"level":"info","ts":"2024-04-02T13:40:44.204+0800","msg":"updateCharacter: file size: 4"}
{"level":"error","ts":"2024-04-02T13:40:44.204+0800","msg":"Mkdir: Directory already exists : ./image/dbEaE04e-ACC5-e4eB-6bC5-DCB4A6EdbbF1"}
{"level":"info","ts":"2024-04-02T13:40:44.204+0800","msg":"URL2FileName: "}
{"level":"info","ts":"2024-04-02T13:40:59.585+0800","msg":"HeaderAuthorization:Bearer eyJhbGciOiJIUzI1NiIsInR5cCI6IkpXVCJ9.eyJVSUQiOiJkYkVhRTA0ZS1BQ0M1LWU0ZUItNmJDNS1EQ0I0QTZFZGJiRjEiLCJleHAiOjE3MjE2NDQwNjh9.qTEGlilt4Rf2n5BJ3d_B4aX-9sZdLihoHgYbvxuw2sI"}
{"level":"info","ts":"2024-04-02T13:40:59.586+0800","msg":"updateCharacter: file size: 4"}
{"level":"error","ts":"2024-04-02T13:40:59.586+0800","msg":"Mkdir: Directory already exists : ./image/dbEaE04e-ACC5-e4eB-6bC5-DCB4A6EdbbF1"}
{"level":"info","ts":"2024-04-02T13:40:59.586+0800","msg":"URL2FileName: "}
{"level":"info","ts":"2024-04-02T13:41:14.694+0800","msg":"HeaderAuthorization:Bearer eyJhbGciOiJIUzI1NiIsInR5cCI6IkpXVCJ9.eyJVSUQiOiJkYkVhRTA0ZS1BQ0M1LWU0ZUItNmJDNS1EQ0I0QTZFZGJiRjEiLCJleHAiOjE3MjE2NDQwNjh9.qTEGlilt4Rf2n5BJ3d_B4aX-9sZdLihoHgYbvxuw2sI"}
{"level":"info","ts":"2024-04-02T13:41:14.694+0800","msg":"updateCharacter: file size: 4"}
{"level":"error","ts":"2024-04-02T13:41:14.694+0800","msg":"Mkdir: Directory already exists : ./image/dbEaE04e-ACC5-e4eB-6bC5-DCB4A6EdbbF1"}
{"level":"info","ts":"2024-04-02T13:41:19.983+0800","msg":"images :http://172.16.0.152:8083/v1/file/image/dbEaE04e-ACC5-e4eB-6bC5-DCB4A6EdbbF1/1.png"}
{"level":"info","ts":"2024-04-02T13:41:19.985+0800","msg":"images :http://172.16.0.152:8083/v1/file/image/dbEaE04e-ACC5-e4eB-6bC5-DCB4A6EdbbF1/3.png"}
{"level":"info","ts":"2024-04-02T13:41:19.986+0800","msg":"images :http://172.16.0.152:8083/v1/file/image/dbEaE04e-ACC5-e4eB-6bC5-DCB4A6EdbbF1/4.png"}
{"level":"info","ts":"2024-04-02T13:41:19.988+0800","msg":"images :http://172.16.0.152:8083/v1/file/image/dbEaE04e-ACC5-e4eB-6bC5-DCB4A6EdbbF1/2.png"}
{"level":"info","ts":"2024-04-02T13:41:19.988+0800","msg":"UpdateCharacter: req: {ID:6342d669-f64f-4a80-addc-5f0faef2aca12d121 AccountID:dbEaE04e-ACC5-e4eB-6bC5-DCB4A6EdbbF1 Images:[http://172.16.0.152:8083/v1/file/image/dbEaE04e-ACC5-e4eB-6bC5-DCB4A6EdbbF1/1.png?t=988548867 http://172.16.0.152:8083/v1/file/image/dbEaE04e-ACC5-e4eB-6bC5-DCB4A6EdbbF1/3.png?t=988551438 http://172.16.0.152:8083/v1/file/image/dbEaE04e-ACC5-e4eB-6bC5-DCB4A6EdbbF1/4.png?t=988553221 http://172.16.0.152:8083/v1/file/image/dbEaE04e-ACC5-e4eB-6bC5-DCB4A6EdbbF1/2.png?t=988555178] Image:http://172.16.0.152:8083/v1/file/image/dbEaE04e-ACC5-e4eB-6bC5-DCB4A6EdbbF1/3.png?t=988542417 Name:dddd Description:1111111 Voice:}"}
{"level":"info","ts":"2024-04-02T13:41:19.994+0800","msg":"http://172.16.0.152:8083/v1/file/image/dbEaE04e-ACC5-e4eB-6bC5-DCB4A6EdbbF1/1.png?t=988548867"}
{"level":"info","ts":"2024-04-02T13:41:19.995+0800","msg":"http://172.16.0.152:8083/v1/file/image/dbEaE04e-ACC5-e4eB-6bC5-DCB4A6EdbbF1/1.png?t=988548867"}
{"level":"info","ts":"2024-04-02T13:41:19.996+0800","msg":"UpdateCharacter: req: {ID:6342d669-f64f-4a80-addc-5f0faef2aca12d121 Images:[http://172.16.0.152:8083/v1/file/image/dbEaE04e-ACC5-e4eB-6bC5-DCB4A6EdbbF1/1.png?t=988548867 http://172.16.0.152:8083/v1/file/image/dbEaE04e-ACC5-e4eB-6bC5-DCB4A6EdbbF1/3.png?t=988551438 http://172.16.0.152:8083/v1/file/image/dbEaE04e-ACC5-e4eB-6bC5-DCB4A6EdbbF1/4.png?t=988553221 http://172.16.0.152:8083/v1/file/image/dbEaE04e-ACC5-e4eB-6bC5-DCB4A6EdbbF1/2.png?t=988555178] Image:http://172.16.0.152:8083/v1/file/image/dbEaE04e-ACC5-e4eB-6bC5-DCB4A6EdbbF1/3.png?t=988542417 Name:dddd Description:1111111 Voice:}"}
